TN:
SF:C:\Users\Olu\Desktop\2019 Projects\Booka\server\src/index.js
FN:16,(anonymous_1)
FN:25,(anonymous_2)
FNF:2
FNH:2
FNDA:1,(anonymous_1)
FNDA:1,(anonymous_2)
DA:1,1
DA:3,1
DA:6,1
DA:7,1
DA:8,1
DA:10,1
DA:12,1
DA:14,1
DA:16,1
DA:17,1
DA:21,1
DA:22,1
DA:23,1
DA:25,1
DA:27,1
DA:30,1
LF:16
LH:16
BRF:0
BRH:0
end_of_record
TN:
SF:C:\Users\Olu\Desktop\2019 Projects\Booka\server\src\controllers/meal.controller.js
FNF:0
FNH:0
DA:1,1
DA:5,1
DA:7,1
DA:22,1
DA:23,1
DA:25,1
DA:32,0
DA:34,0
DA:35,0
DA:41,0
DA:48,1
DA:50,1
DA:51,1
DA:57,0
DA:64,2
DA:65,2
DA:67,2
DA:68,1
DA:74,1
DA:81,1
LF:20
LH:15
BRDA:34,0,0,0
BRDA:34,0,1,0
BRDA:50,1,0,1
BRDA:50,1,1,0
BRDA:67,2,0,1
BRDA:67,2,1,1
BRF:6
BRH:3
end_of_record
TN:
SF:C:\Users\Olu\Desktop\2019 Projects\Booka\server\src\controllers/menu.controller.js
FNF:0
FNH:0
DA:1,1
DA:5,1
DA:6,1
DA:8,1
DA:15,1
DA:17,1
DA:24,1
LF:7
LH:7
BRF:0
BRH:0
end_of_record
TN:
SF:C:\Users\Olu\Desktop\2019 Projects\Booka\server\src\controllers/order.controller.js
FNF:0
FNH:0
DA:1,1
DA:5,1
DA:6,1
DA:7,1
DA:8,1
DA:14,0
DA:21,2
DA:22,2
DA:24,2
DA:25,1
DA:31,1
DA:38,1
DA:39,1
DA:40,1
DA:45,0
DA:52,1
LF:16
LH:14
BRDA:7,0,0,1
BRDA:7,0,1,0
BRDA:24,1,0,1
BRDA:24,1,1,1
BRDA:39,2,0,1
BRDA:39,2,1,0
BRF:6
BRH:4
end_of_record
TN:
SF:C:\Users\Olu\Desktop\2019 Projects\Booka\server\src\models/meal.model.js
FN:2,Meal
FNF:1
FNH:1
FNDA:6,Meal
DA:2,6
DA:3,6
DA:5,6
DA:7,6
DA:9,6
DA:13,1
LF:6
LH:6
BRF:0
BRH:0
end_of_record
TN:
SF:C:\Users\Olu\Desktop\2019 Projects\Booka\server\src\models/menu.model.js
FN:2,Menu
FNF:1
FNH:1
FNDA:2,Menu
DA:2,2
DA:3,2
DA:5,2
DA:7,2
DA:11,1
LF:5
LH:5
BRF:0
BRH:0
end_of_record
TN:
SF:C:\Users\Olu\Desktop\2019 Projects\Booka\server\src\models/order.model.js
FN:2,Order
FNF:1
FNH:1
FNDA:4,Order
DA:2,4
DA:3,4
DA:4,4
DA:5,4
DA:6,4
DA:7,4
DA:8,4
DA:12,1
LF:8
LH:8
BRF:0
BRH:0
end_of_record
TN:
SF:C:\Users\Olu\Desktop\2019 Projects\Booka\server\src\routes/meal.route.js
FNF:0
FNH:0
DA:1,1
DA:3,1
DA:5,1
DA:7,1
DA:8,1
DA:9,1
DA:10,1
DA:11,1
DA:13,1
LF:9
LH:9
BRF:0
BRH:0
end_of_record
TN:
SF:C:\Users\Olu\Desktop\2019 Projects\Booka\server\src\routes/menu.route.js
FNF:0
FNH:0
DA:1,1
DA:3,1
DA:5,1
DA:7,1
DA:8,1
DA:10,1
LF:6
LH:6
BRF:0
BRH:0
end_of_record
TN:
SF:C:\Users\Olu\Desktop\2019 Projects\Booka\server\src\routes/order.route.js
FNF:0
FNH:0
DA:1,1
DA:3,1
DA:5,1
DA:7,1
DA:8,1
DA:9,1
DA:11,1
LF:7
LH:7
BRF:0
BRH:0
end_of_record
TN:
SF:C:\Users\Olu\Desktop\2019 Projects\Booka\server\src\services/meal.service.js
FN:7,(anonymous_7)
FN:29,(anonymous_10)
FN:35,(anonymous_12)
FN:44,(anonymous_14)
FNF:4
FNH:3
FNDA:4,(anonymous_7)
FNDA:0,(anonymous_10)
FNDA:5,(anonymous_12)
FNDA:7,(anonymous_14)
DA:2,1
DA:3,1
DA:7,1
DA:8,4
DA:10,4
DA:13,1
DA:17,1
DA:19,1
DA:21,1
DA:23,1
DA:25,1
DA:29,0
DA:31,0
DA:35,5
DA:37,1
DA:38,1
DA:40,0
DA:44,7
DA:46,2
DA:53,2
DA:54,1
DA:56,1
DA:58,1
DA:62,1
LF:24
LH:21
BRDA:31,0,0,0
BRDA:31,0,1,0
BRDA:37,1,0,1
BRDA:37,1,1,0
BRDA:53,2,0,1
BRDA:53,2,1,1
BRF:6
BRH:3
end_of_record
TN:
SF:C:\Users\Olu\Desktop\2019 Projects\Booka\server\src\services/menu.service.js
FN:9,(anonymous_7)
FNF:1
FNH:1
FNDA:2,(anonymous_7)
DA:3,1
DA:5,1
DA:9,1
DA:10,2
DA:11,2
DA:14,1
DA:18,1
DA:20,1
DA:22,1
DA:24,1
DA:26,1
DA:30,1
LF:12
LH:12
BRF:0
BRH:0
end_of_record
TN:
SF:C:\Users\Olu\Desktop\2019 Projects\Booka\server\src\services/order.service.js
FN:8,(anonymous_7)
FN:23,(anonymous_9)
FNF:2
FNH:2
FNDA:2,(anonymous_7)
FNDA:4,(anonymous_9)
DA:2,1
DA:4,1
DA:8,1
DA:9,2
DA:17,2
DA:19,1
DA:23,4
DA:25,2
DA:35,2
DA:36,1
DA:38,1
DA:40,1
DA:44,1
DA:46,1
DA:48,1
DA:49,1
DA:50,1
DA:52,0
DA:56,1
LF:19
LH:18
BRDA:35,0,0,1
BRDA:35,0,1,1
BRDA:49,1,0,1
BRDA:49,1,1,0
BRF:4
BRH:3
end_of_record
TN:
SF:C:\Users\Olu\Desktop\2019 Projects\Booka\server\src\utils/mockData.js
FNF:0
FNH:0
DA:1,1
LF:1
LH:1
BRF:0
BRH:0
end_of_record
